  P1878舞蹈课.cpp
D:\Program Files\VS\VC\Tools\MSVC\14.28.29333\include\xstddef(127,22): error C2676: 二进制“<”:“const _Ty”不定义该运算符或到预定义运算符可接收的类型的转换
          with
          [
              _Ty=node
          ]
D:\Program Files\VS\VC\Tools\MSVC\14.28.29333\include\xstddef(126): message : 在编译 类 模板 成员函数“bool std::less<_Ty>::operator ()(const _Ty &,const _Ty &) const”时
          with
          [
              _Ty=node
          ]
D:\Program Files\VS\VC\Tools\MSVC\14.28.29333\include\xutility(1616): message : 查看对正在编译的函数 模板 实例化“bool std::less<_Ty>::operator ()(const _Ty &,const _Ty &) const”的引用
          with
          [
              _Ty=node
          ]
D:\Program Files\VS\VC\Tools\MSVC\14.28.29333\include\queue(295): message : 查看对正在编译的 类 模板 实例化“std::less<_Ty>”的引用
          with
          [
              _Ty=node
          ]
C:\Users\黑白灰\Documents\GitHub\Fanghui-Lang\洛谷\Project1\P1878舞蹈课\P1878舞蹈课\P1878舞蹈课.cpp(15): message : 查看对正在编译的 类 模板 实例化“std::priority_queue<node,std::vector<node,std::allocator<node>>,std::less<_Ty>>”的引用
          with
          [
              _Ty=node
          ]
