INFO main UserLog - Hello log4j2
WARN main UserLog - Hello log4j2
INFO main com.alibaba.druid.pool.DruidDataSource - {dataSource-1} inited
INFO SpringContextShutdownHook com.alibaba.druid.pool.DruidDataSource - {dataSource-0} closing ...
INFO SpringContextShutdownHook com.alibaba.druid.pool.DruidDataSource - {dataSource-1} closing ...
INFO SpringContextShutdownHook com.alibaba.druid.pool.DruidDataSource - {dataSource-1} closed
INFO main com.alibaba.druid.pool.DruidDataSource - {dataSource-1} inited
INFO SpringContextShutdownHook com.alibaba.druid.pool.DruidDataSource - {dataSource-0} closing ...
INFO SpringContextShutdownHook com.alibaba.druid.pool.DruidDataSource - {dataSource-1} closing ...
INFO SpringContextShutdownHook com.alibaba.druid.pool.DruidDataSource - {dataSource-1} closed
INFO main com.alibaba.druid.pool.DruidDataSource - {dataSource-1} inited
INFO SpringContextShutdownHook com.alibaba.druid.pool.DruidDataSource - {dataSource-0} closing ...
INFO SpringContextShutdownHook com.alibaba.druid.pool.DruidDataSource - {dataSource-1} closing ...
INFO SpringContextShutdownHook com.alibaba.druid.pool.DruidDataSource - {dataSource-1} closed
INFO main com.alibaba.druid.pool.DruidDataSource - {dataSource-1} inited
INFO SpringContextShutdownHook com.alibaba.druid.pool.DruidDataSource - {dataSource-0} closing ...
INFO SpringContextShutdownHook com.alibaba.druid.pool.DruidDataSource - {dataSource-1} closing ...
INFO SpringContextShutdownHook com.alibaba.druid.pool.DruidDataSource - {dataSource-1} closed
INFO main com.alibaba.druid.pool.DruidDataSource - {dataSource-1} inited
INFO SpringContextShutdownHook com.alibaba.druid.pool.DruidDataSource - {dataSource-0} closing ...
INFO SpringContextShutdownHook com.alibaba.druid.pool.DruidDataSource - {dataSource-1} closing ...
INFO SpringContextShutdownHook com.alibaba.druid.pool.DruidDataSource - {dataSource-1} closed
INFO main com.alibaba.druid.pool.DruidDataSource - {dataSource-1} inited
INFO SpringContextShutdownHook com.alibaba.druid.pool.DruidDataSource - {dataSource-0} closing ...
INFO SpringContextShutdownHook com.alibaba.druid.pool.DruidDataSource - {dataSource-1} closing ...
INFO SpringContextShutdownHook com.alibaba.druid.pool.DruidDataSource - {dataSource-1} closed
